<?xml version="1.0" encoding="UTF-8"?>
<!-- Generated by org.testng.reporters.JUnitReportReporter -->
<testsuite name="com.ness.tests.Dashboard" tests="1" time="58.672" ignored="0" failures="0" timestamp="03 Aug 2018 16:16:37 GMT" skipped="0" hostname="ININTDT115341" errors="0">
  <testcase name="verifyDashboardStatus" time="58.672" classname="com.ness.tests.Dashboard"/>
</testsuite> <!-- com.ness.tests.Dashboard -->
