<?xml version="1.0" encoding="UTF-8"?>
<!-- Generated by org.testng.reporters.JUnitReportReporter -->
<testsuite name="com.ness.tests.ManageUsers" tests="14" time="1218.981" ignored="0" failures="0" timestamp="03 Aug 2018 16:16:37 GMT" skipped="0" hostname="ININTDT115341" errors="0">
  <testcase name="verifyLockUser" time="85.418" classname="com.ness.tests.ManageUsers"/>
  <testcase name="addNewAdmin" time="92.385" classname="com.ness.tests.ManageUsers"/>
  <testcase name="verifyEditUserRole" time="96.739" classname="com.ness.tests.ManageUsers"/>
  <testcase name="verifyTransferUser" time="93.558" classname="com.ness.tests.ManageUsers"/>
  <testcase name="verifyUserAssignments" time="94.768" classname="com.ness.tests.ManageUsers"/>
  <testcase name="verifyProxyButtonActiveness" time="75.594" classname="com.ness.tests.ManageUsers"/>
  <testcase name="verifyUnLockUser" time="84.604" classname="com.ness.tests.ManageUsers"/>
  <testcase name="verifyUserExport" time="81.408" classname="com.ness.tests.ManageUsers"/>
  <testcase name="primaryContactForTeacher" time="75.566" classname="com.ness.tests.ManageUsers"/>
  <testcase name="primaryContactForAdmin" time="84.354" classname="com.ness.tests.ManageUsers"/>
  <testcase name="addNewTeacher" time="87.713" classname="com.ness.tests.ManageUsers"/>
  <testcase name="verifySiteIsRetainedOnTeacherSide" time="84.924" classname="com.ness.tests.ManageUsers"/>
  <testcase name="verifyRemoveUser" time="87.874" classname="com.ness.tests.ManageUsers"/>
  <testcase name="verifyRemoveUserFromSystem" time="94.076" classname="com.ness.tests.ManageUsers"/>
</testsuite> <!-- com.ness.tests.ManageUsers -->
