<?xml version="1.0" encoding="UTF-8"?>
<!-- Generated by org.testng.reporters.JUnitReportReporter -->
<testsuite name="com.ness.tests.ManageStudents" tests="22" time="1646.462" ignored="0" failures="0" timestamp="03 Aug 2018 16:16:37 GMT" skipped="0" hostname="ININTDT115341" errors="0">
  <testcase name="addDuplicateStudent" time="73.089" classname="com.ness.tests.ManageStudents"/>
  <testcase name="verifyDeleteStudentAdminSide" time="77.027" classname="com.ness.tests.ManageStudents"/>
  <testcase name="verifyTransferStudent" time="83.636" classname="com.ness.tests.ManageStudents"/>
  <testcase name="verifyRemoveFromClassStudent" time="63.624" classname="com.ness.tests.ManageStudents"/>
  <testcase name="verifyChildPlusImportButton" time="67.954" classname="com.ness.tests.ManageStudents"/>
  <testcase name="verifyProxyAsTeacher" time="78.337" classname="com.ness.tests.ManageStudents"/>
  <testcase name="verifyEditStudentAdminSide" time="83.602" classname="com.ness.tests.ManageStudents"/>
  <testcase name="verifyUndelete" time="71.332" classname="com.ness.tests.ManageStudents"/>
  <testcase name="removeStudentsFromSystem" time="75.021" classname="com.ness.tests.ManageStudents"/>
  <testcase name="verifyAddToClassAdminSide" time="76.057" classname="com.ness.tests.ManageStudents"/>
  <testcase name="addStudent" time="73.607" classname="com.ness.tests.ManageStudents"/>
  <testcase name="verifyArchiveStudent" time="61.891" classname="com.ness.tests.ManageStudents"/>
  <testcase name="verifyHistoryOfStudent" time="71.226" classname="com.ness.tests.ManageStudents"/>
  <testcase name="verifyUnarchive" time="74.374" classname="com.ness.tests.ManageStudents"/>
  <testcase name="verifyArchiveStudentAdminSide" time="77.225" classname="com.ness.tests.ManageStudents"/>
  <testcase name="verifySaveWithoutRequiredFields" time="80.667" classname="com.ness.tests.ManageStudents"/>
  <testcase name="addHsStudent" time="83.997" classname="com.ness.tests.ManageStudents"/>
  <testcase name="addStudentAdminSide" time="91.520" classname="com.ness.tests.ManageStudents"/>
  <testcase name="verifyStudentExport" time="72.527" classname="com.ness.tests.ManageStudents"/>
  <testcase name="verifyAddExistingStudent" time="64.176" classname="com.ness.tests.ManageStudents"/>
  <testcase name="verifyDeleteStudent" time="67.433" classname="com.ness.tests.ManageStudents"/>
  <testcase name="verifyRemoveFromClassAdminSide" time="78.140" classname="com.ness.tests.ManageStudents"/>
</testsuite> <!-- com.ness.tests.ManageStudents -->
