<?xml version="1.0" encoding="UTF-8"?>
<!-- Generated by org.testng.reporters.JUnitReportReporter -->
<testsuite name="com.ness.tests.DashboardOunce" tests="1" time="55.093" ignored="0" failures="0" timestamp="03 Aug 2018 16:16:37 GMT" skipped="0" hostname="ININTDT115341" errors="0">
  <testcase name="verifyDashboardStatusOunce" time="55.093" classname="com.ness.tests.DashboardOunce"/>
</testsuite> <!-- com.ness.tests.DashboardOunce -->
