<?xml version="1.0" encoding="UTF-8"?>
<!-- Generated by org.testng.reporters.JUnitReportReporter -->
<testsuite name="com.ness.tests.ManageUsersOunce" tests="14" time="1167.059" ignored="0" failures="0" timestamp="03 Aug 2018 16:16:37 GMT" skipped="0" hostname="ININTDT115341" errors="0">
  <testcase name="verifyRemoveUserOunce" time="81.314" classname="com.ness.tests.ManageUsersOunce"/>
  <testcase name="primaryContactForTeacherOunce" time="72.250" classname="com.ness.tests.ManageUsersOunce"/>
  <testcase name="verifySiteIsRetainedOnTeacherSideOunce" time="80.149" classname="com.ness.tests.ManageUsersOunce"/>
  <testcase name="verifyUserExportOunce" time="79.756" classname="com.ness.tests.ManageUsersOunce"/>
  <testcase name="verifyUnLockUserOunce" time="81.976" classname="com.ness.tests.ManageUsersOunce"/>
  <testcase name="verifyLockUserOunce" time="82.862" classname="com.ness.tests.ManageUsersOunce"/>
  <testcase name="verifyRemoveUserFromSystemOunce" time="89.097" classname="com.ness.tests.ManageUsersOunce"/>
  <testcase name="verifyProxyButtonActivenessOunce" time="73.742" classname="com.ness.tests.ManageUsersOunce"/>
  <testcase name="addNewOunceAdmin" time="87.586" classname="com.ness.tests.ManageUsersOunce"/>
  <testcase name="verifyTransferUserOunce" time="87.317" classname="com.ness.tests.ManageUsersOunce"/>
  <testcase name="verifyEditUserRoleOunce" time="93.580" classname="com.ness.tests.ManageUsersOunce"/>
  <testcase name="primaryContactForAdminOunce" time="80.120" classname="com.ness.tests.ManageUsersOunce"/>
  <testcase name="verifyUserAssignmentsOunce" time="91.185" classname="com.ness.tests.ManageUsersOunce"/>
  <testcase name="addNewOunceTeacher" time="86.125" classname="com.ness.tests.ManageUsersOunce"/>
</testsuite> <!-- com.ness.tests.ManageUsersOunce -->
